{"C:\\Users\\ignat\\Desktop\\Matches-Test\\src\\heroes.js": {"path":"C:\\Users\\ignat\\Desktop\\Matches-Test\\src\\heroes.js","statementMap":{"0":{"start":{"line":2,"column":2},"end":{"line":2,"column":52}},"1":{"start":{"line":2,"column":31},"end":{"line":2,"column":50}}},"fnMap":{"0":{"name":"sortHeroes","decl":{"start":{"line":1,"column":16},"end":{"line":1,"column":26}},"loc":{"start":{"line":1,"column":35},"end":{"line":3,"column":1}},"line":1},"1":{"name":"(anonymous_1)","decl":{"start":{"line":2,"column":21},"end":{"line":2,"column":22}},"loc":{"start":{"line":2,"column":31},"end":{"line":2,"column":50}},"line":2}},"branchMap":{},"s":{"0":1,"1":4},"f":{"0":1,"1":4},"b":{},"_coverageSchema":"1a1c01bbd47fc00a2c39e90264f33305004495a9","hash":"03be0f105ea1d4abe5252dde7ef006a08e469a45"}
}
